<?xml version="1.0" encoding="UTF-8"?>
<!-- Generated by org.testng.reporters.JUnitReportReporter -->
<testsuite skipped="0" hostname="Advait" name="MavenJenkins.Maven.MavenTest" tests="1" failures="0" timestamp="21 Aug 2018 17:26:59 GMT" time="12.897" errors="0">
  <testcase name="f" time="12.897" classname="MavenJenkins.Maven.MavenTest"/>
</testsuite> <!-- MavenJenkins.Maven.MavenTest -->
