<?xml version="1.0" encoding="UTF-8"?>
<!-- Generated by org.testng.reporters.JUnitReportReporter -->
<testsuite skipped="0" hostname="LAPTOP-AGALFI15" name="MavenJenkins.Maven.MavenTest" tests="1" failures="0" timestamp="20 Aug 2018 17:16:15 GMT" time="8.268" errors="0">
  <testcase name="f" time="8.268" classname="MavenJenkins.Maven.MavenTest"/>
</testsuite> <!-- MavenJenkins.Maven.MavenTest -->
